# JRE version: Java(TM) SE Runtime Environment (8.0_25-b18) (build 1.8.0_25-b18)
# Java VM: Java HotSpot(TM) 64-Bit Server VM (25.25-b02 mixed mode windows-amd64 compressed oops)
Heap:
 PSYoungGen      total 317952K, used 103245K [0x00000000eab00000, 0x00000000ffc80000, 0x0000000100000000)
  eden space 314880K, 32% used [0x00000000eab00000,0x00000000f0fd35a8,0x00000000fde80000)
  from space 3072K, 0% used [0x00000000fde80000,0x00000000fde80000,0x00000000fe180000)
  to   space 15360K, 0% used [0x00000000fed80000,0x00000000fed80000,0x00000000ffc80000)
 ParOldGen       total 71168K, used 42390K [0x00000000c0000000, 0x00000000c4580000, 0x00000000eab00000)
  object space 71168K, 59% used [0x00000000c0000000,0x00000000c2965a88,0x00000000c4580000)
 Metaspace       used 53522K, capacity 57982K, committed 57984K, reserved 1099776K
  class space    used 7109K, capacity 8320K, committed 8320K, reserved 1048576K
GC Heap History (10 events):
Event: 2154.566 GC heap before
{Heap before GC invocations=27 (full 8):
 PSYoungGen      total 331264K, used 1037K [0x00000000eab00000, 0x00000000ffe80000, 0x0000000100000000)
  eden space 314880K, 0% used [0x00000000eab00000,0x00000000eab00000,0x00000000fde80000)
  from space 16384K, 6% used [0x00000000fde80000,0x00000000fdf836a8,0x00000000fee80000)
  to   space 16384K, 0% used [0x00000000fee80000,0x00000000fee80000,0x00000000ffe80000)
 ParOldGen       total 71168K, used 42683K [0x00000000c0000000, 0x00000000c4580000, 0x00000000eab00000)
  object space 71168K, 59% used [0x00000000c0000000,0x00000000c29aef88,0x00000000c4580000)
 Metaspace       used 53124K, capacity 57366K, committed 57472K, reserved 1097728K
  class space    used 7081K, capacity 8215K, committed 8320K, reserved 1048576K
Event: 2155.050 GC heap after
Heap after GC invocations=27 (full 8):
 PSYoungGen      total 331264K, used 0K [0x00000000eab00000, 0x00000000ffe80000, 0x0000000100000000)
  eden space 314880K, 0% used [0x00000000eab00000,0x00000000eab00000,0x00000000fde80000)
  from space 16384K, 0% used [0x00000000fde80000,0x00000000fde80000,0x00000000fee80000)
  to   space 16384K, 0% used [0x00000000fee80000,0x00000000fee80000,0x00000000ffe80000)
 ParOldGen       total 71168K, used 41338K [0x00000000c0000000, 0x00000000c4580000, 0x00000000eab00000)
  object space 71168K, 58% used [0x00000000c0000000,0x00000000c285e808,0x00000000c4580000)
 Metaspace       used 53124K, capacity 57366K, committed 57472K, reserved 1097728K
  class space    used 7081K, capacity 8215K, committed 8320K, reserved 1048576K
}
Event: 2349.504 GC heap before
{Heap before GC invocations=28 (full 8):
 PSYoungGen      total 331264K, used 223314K [0x00000000eab00000, 0x00000000ffe80000, 0x0000000100000000)
  eden space 314880K, 70% used [0x00000000eab00000,0x00000000f8514a20,0x00000000fde80000)
  from space 16384K, 0% used [0x00000000fde80000,0x00000000fde80000,0x00000000fee80000)
  to   space 16384K, 0% used [0x00000000fee80000,0x00000000fee80000,0x00000000ffe80000)
 ParOldGen       total 71168K, used 41338K [0x00000000c0000000, 0x00000000c4580000, 0x00000000eab00000)
  object space 71168K, 58% used [0x00000000c0000000,0x00000000c285e808,0x00000000c4580000)
 Metaspace       used 53328K, capacity 57614K, committed 57728K, reserved 1099776K
  class space    used 7091K, capacity 8250K, committed 8320K, reserved 1048576K
Event: 2349.514 GC heap after
Heap after GC invocations=28 (full 8):
 PSYoungGen      total 330240K, used 2237K [0x00000000eab00000, 0x00000000ffd80000, 0x0000000100000000)
  eden space 314880K, 0% used [0x00000000eab00000,0x00000000eab00000,0x00000000fde80000)
  from space 15360K, 14% used [0x00000000fee80000,0x00000000ff0af6b8,0x00000000ffd80000)
  to   space 15872K, 0% used [0x00000000fde80000,0x00000000fde80000,0x00000000fee00000)
 ParOldGen       total 71168K, used 41346K [0x00000000c0000000, 0x00000000c4580000, 0x00000000eab00000)
  object space 71168K, 58% used [0x00000000c0000000,0x00000000c2860808,0x00000000c4580000)
 Metaspace       used 53328K, capacity 57614K, committed 57728K, reserved 1099776K
  class space    used 7091K, capacity 8250K, committed 8320K, reserved 1048576K
}
Event: 2349.514 GC heap before
{Heap before GC invocations=29 (full 9):
 PSYoungGen      total 330240K, used 2237K [0x00000000eab00000, 0x00000000ffd80000, 0x0000000100000000)
  eden space 314880K, 0% used [0x00000000eab00000,0x00000000eab00000,0x00000000fde80000)
  from space 15360K, 14% used [0x00000000fee80000,0x00000000ff0af6b8,0x00000000ffd80000)
  to   space 15872K, 0% used [0x00000000fde80000,0x00000000fde80000,0x00000000fee00000)
 ParOldGen       total 71168K, used 41346K [0x00000000c0000000, 0x00000000c4580000, 0x00000000eab00000)
  object space 71168K, 58% used [0x00000000c0000000,0x00000000c2860808,0x00000000c4580000)
 Metaspace       used 53328K, capacity 57614K, committed 57728K, reserved 1099776K
  class space    used 7091K, capacity 8250K, committed 8320K, reserved 1048576K
Event: 2349.988 GC heap after
Heap after GC invocations=29 (full 9):
 PSYoungGen      total 330240K, used 0K [0x00000000eab00000, 0x00000000ffd80000, 0x0000000100000000)
  eden space 314880K, 0% used [0x00000000eab00000,0x00000000eab00000,0x00000000fde80000)
  from space 15360K, 0% used [0x00000000fee80000,0x00000000fee80000,0x00000000ffd80000)
  to   space 15872K, 0% used [0x00000000fde80000,0x00000000fde80000,0x00000000fee00000)
 ParOldGen       total 71168K, used 42347K [0x00000000c0000000, 0x00000000c4580000, 0x00000000eab00000)
  object space 71168K, 59% used [0x00000000c0000000,0x00000000c295aef0,0x00000000c4580000)
 Metaspace       used 53328K, capacity 57614K, committed 57728K, reserved 1099776K
  class space    used 7091K, capacity 8250K, committed 8320K, reserved 1048576K
}
Event: 2650.748 GC heap before
{Heap before GC invocations=30 (full 9):
 PSYoungGen      total 330240K, used 274363K [0x00000000eab00000, 0x00000000ffd80000, 0x0000000100000000)
  eden space 314880K, 87% used [0x00000000eab00000,0x00000000fb6eece0,0x00000000fde80000)
  from space 15360K, 0% used [0x00000000fee80000,0x00000000fee80000,0x00000000ffd80000)
  to   space 15872K, 0% used [0x00000000fde80000,0x00000000fde80000,0x00000000fee00000)
 ParOldGen       total 71168K, used 42347K [0x00000000c0000000, 0x00000000c4580000, 0x00000000eab00000)
  object space 71168K, 59% used [0x00000000c0000000,0x00000000c295aef0,0x00000000c4580000)
 Metaspace       used 53449K, capacity 57862K, committed 57984K, reserved 1099776K
  class space    used 7100K, capacity 8285K, committed 8320K, reserved 1048576K
Event: 2650.755 GC heap after
Heap after GC invocations=30 (full 9):
 PSYoungGen      total 317952K, used 2598K [0x00000000eab00000, 0x00000000ffc80000, 0x0000000100000000)
  eden space 314880K, 0% used [0x00000000eab00000,0x00000000eab00000,0x00000000fde80000)
  from space 3072K, 84% used [0x00000000fde80000,0x00000000fe109898,0x00000000fe180000)
  to   space 15360K, 0% used [0x00000000fed80000,0x00000000fed80000,0x00000000ffc80000)
 ParOldGen       total 71168K, used 42355K [0x00000000c0000000, 0x00000000c4580000, 0x00000000eab00000)
  object space 71168K, 59% used [0x00000000c0000000,0x00000000c295cef0,0x00000000c4580000)
 Metaspace       used 53449K, capacity 57862K, committed 57984K, reserved 1099776K
  class space    used 7100K, capacity 8285K, committed 8320K, reserved 1048576K
}
Event: 2650.755 GC heap before
{Heap before GC invocations=31 (full 10):
 PSYoungGen      total 317952K, used 2598K [0x00000000eab00000, 0x00000000ffc80000, 0x0000000100000000)
  eden space 314880K, 0% used [0x00000000eab00000,0x00000000eab00000,0x00000000fde80000)
  from space 3072K, 84% used [0x00000000fde80000,0x00000000fe109898,0x00000000fe180000)
  to   space 15360K, 0% used [0x00000000fed80000,0x00000000fed80000,0x00000000ffc80000)
 ParOldGen       total 71168K, used 42355K [0x00000000c0000000, 0x00000000c4580000, 0x00000000eab00000)
  object space 71168K, 59% used [0x00000000c0000000,0x00000000c295cef0,0x00000000c4580000)
 Metaspace       used 53449K, capacity 57862K, committed 57984K, reserved 1099776K
  class space    used 7100K, capacity 8285K, committed 8320K, reserved 1048576K
Event: 2651.003 GC heap after
Heap after GC invocations=31 (full 10):
 PSYoungGen      total 317952K, used 0K [0x00000000eab00000, 0x00000000ffc80000, 0x0000000100000000)
  eden space 314880K, 0% used [0x00000000eab00000,0x00000000eab00000,0x00000000fde80000)
  from space 3072K, 0% used [0x00000000fde80000,0x00000000fde80000,0x00000000fe180000)
  to   space 15360K, 0% used [0x00000000fed80000,0x00000000fed80000,0x00000000ffc80000)
 ParOldGen       total 71168K, used 42390K [0x00000000c0000000, 0x00000000c4580000, 0x00000000eab00000)
  object space 71168K, 59% used [0x00000000c0000000,0x00000000c2965a88,0x00000000c4580000)
 Metaspace       used 53449K, capacity 57862K, committed 57984K, reserved 1099776K
  class space    used 7100K, capacity 8285K, committed 8320K, reserved 1048576K
}

